1 9
2 2
3 5
4 1
5 4
6 10
7 6
8 8
9 3
10 7
1 9
2 10
3 2
4 3
5 7
6 5
7 6
8 4
9 1
10 8
1 7
2 10
3 4
4 9
5 1
6 2
7 5
8 6
9 3
10 8
1 4
2 5
3 2
4 10
5 7
6 3
7 8
8 1
9 6
10 9
1 5
2 2
3 1
4 6
5 4
6 8
7 9
8 3
9 7
10 10
1 4
2 2
3 8
4 3
5 5
6 6
7 7
8 10
9 9
10 1
1 10
2 2
3 4
4 7
5 6
6 5
7 3
8 8
9 9
10 1
1 8
2 10
3 2
4 3
5 7
6 4
7 9
8 6
9 5
10 1
1 5
2 9
3 3
4 2
5 6
6 10
7 8
8 4
9 1
10 7
1 7
2 8
3 4
4 5
5 1
6 3
7 9
8 10
9 2
10 6
1 5
2 9
3 8
4 6
5 3
6 1
7 2
8 10
9 7
10 4
1 4
2 1
3 10
4 2
5 3
6 9
7 7
8 8
9 5
10 6
1 6
2 3
3 10
4 8
5 4
6 1
7 5
8 9
9 2
10 7
1 7
2 5
3 6
4 1
5 9
6 3
7 10
8 2
9 8
10 4
1 8
2 1
3 6
4 2
5 10
6 4
7 3
8 7
9 9
10 5
1 10
2 2
3 7
4 5
5 4
6 8
7 6
8 1
9 3
10 9
1 4
2 3
3 2
4 9
5 8
6 1
7 10
8 6
9 7
10 5
1 9
2 4
3 10
4 1
5 6
6 7
7 5
8 3
9 8
10 2
1 1
2 9
3 8
4 5
5 2
6 7
7 3
8 6
9 4
10 10
1 2
2 4
3 7
4 8
5 10
6 1
7 5
8 3
9 6
10 9
1 1
2 9
3 10
4 3
5 4
6 7
7 5
8 8
9 6
10 2
1 9
2 10
3 3
4 4
5 5
6 7
7 2
8 8
9 6
10 1
1 4
2 10
3 6
4 9
5 1
6 2
7 3
8 5
9 7
10 8
1 1
2 4
3 5
4 7
5 3
6 6
7 2
8 8
9 9
10 10
1 7
2 9
3 5
4 4
5 8
6 6
7 10
8 3
9 2
10 1
1 5
2 9
3 8
4 2
5 6
6 10
7 3
8 7
9 4
10 1
1 9
2 3
3 6
4 8
5 2
6 5
7 10
8 4
9 1
10 7
1 9
2 3
3 4
4 6
5 5
6 1
7 2
8 10
9 8
10 7
1 8
2 3
3 5
4 7
5 4
6 2
7 6
8 9
9 10
10 1
1 9
2 4
3 5
4 7
5 8
6 2
7 6
8 1
9 3
10 10
1 8
2 6
3 4
4 1
5 10
6 3
7 2
8 9
9 7
10 5
1 7
2 9
3 1
4 4
5 6
6 8
7 10
8 3
9 5
10 2
1 1
2 7
3 4
4 8
5 6
6 2
7 9
8 5
9 3
10 10
1 6
2 7
3 10
4 2
5 1
6 8
7 9
8 5
9 4
10 3
1 2
2 7
3 4
4 8
5 5
6 1
7 10
8 9
9 3
10 6
1 2
2 8
3 1
4 3
5 6
6 9
7 7
8 4
9 5
10 10
1 3
2 2
3 4
4 10
5 1
6 7
7 8
8 6
9 5
10 9
1 1
2 5
3 10
4 9
5 6
6 2
7 8
8 7
9 3
10 4
1 7
2 10
3 9
4 1
5 3
6 4
7 5
8 8
9 2
10 6
1 10
2 8
3 5
4 1
5 4
6 6
7 9
8 7
9 2
10 3
1 4
2 1
3 6
4 9
5 2
6 10
7 3
8 5
9 7
10 8
1 8
2 3
3 9
4 7
5 1
6 4
7 6
8 5
9 10
10 2
1 10
2 1
3 4
4 3
5 9
6 5
7 2
8 8
9 6
10 7
1 6
2 2
3 5
4 9
5 4
6 1
7 3
8 7
9 8
10 10
1 1
2 4
3 5
4 8
5 7
6 9
7 3
8 6
9 10
10 2
1 6
2 7
3 3
4 2
5 9
6 8
7 1
8 4
9 10
10 5
1 9
2 6
3 1
4 7
5 3
6 10
7 2
8 8
9 4
10 5
1 9
2 8
3 5
4 2
5 7
6 3
7 6
8 10
9 4
10 1
1 10
2 4
3 2
4 6
5 1
6 9
7 7
8 5
9 8
10 3
1 10
2 5
3 3
4 1
5 6
6 2
7 8
8 7
9 9
10 4
1 2
2 9
3 3
4 10
5 6
6 4
7 8
8 5
9 7
10 1
1 6
2 5
3 8
4 9
5 7
6 4
7 10
8 1
9 2
10 3
1 8
2 5
3 10
4 4
5 7
6 6
7 2
8 9
9 1
10 3
1 5
2 10
3 4
4 3
5 9
6 8
7 1
8 2
9 6
10 7
1 9
2 1
3 5
4 4
5 3
6 2
7 10
8 8
9 7
10 6
1 10
2 9
3 4
4 6
5 8
6 2
7 3
8 1
9 5
10 7
1 2
2 7
3 4
4 5
5 3
6 8
7 10
8 1
9 9
10 6
1 5
2 1
3 3
4 4
5 6
6 8
7 7
8 2
9 10
10 9
1 5
2 1
3 2
4 6
5 10
6 3
7 9
8 8
9 4
10 7
1 6
2 3
3 10
4 8
5 7
6 4
7 1
8 5
9 9
10 2
1 4
2 5
3 9
4 2
5 7
6 10
7 3
8 1
9 6
10 8
1 10
2 7
3 4
4 9
5 8
6 1
7 2
8 3
9 6
10 5
1 3
2 9
3 10
4 7
5 6
6 1
7 8
8 4
9 5
10 2
1 6
2 10
3 3
4 4
5 9
6 5
7 2
8 1
9 8
10 7
1 9
2 4
3 3
4 1
5 7
6 2
7 8
8 10
9 5
10 6
1 1
2 10
3 3
4 5
5 6
6 7
7 8
8 4
9 9
10 2
1 6
2 9
3 8
4 5
5 10
6 1
7 2
8 3
9 7
10 4
1 9
2 3
3 6
4 2
5 10
6 1
7 7
8 5
9 4
10 8
1 8
2 3
3 5
4 1
5 2
6 6
7 4
8 7
9 10
10 9
1 10
2 6
3 7
4 1
5 8
6 4
7 3
8 2
9 5
10 9
1 1
2 5
3 6
4 2
5 7
6 8
7 9
8 4
9 10
10 3
1 10
2 8
3 7
4 6
5 3
6 2
7 5
8 4
9 9
10 1
1 9
2 1
3 2
4 7
5 5
6 8
7 10
8 3
9 4
10 6
1 3
2 10
3 8
4 5
5 7
6 6
7 9
8 2
9 4
10 1
1 7
2 9
3 1
4 8
5 2
6 4
7 3
8 6
9 10
10 5
1 6
2 3
3 10
4 7
5 2
6 8
7 1
8 9
9 5
10 4
1 1
2 9
3 6
4 7
5 5
6 3
7 8
8 4
9 2
10 10
1 5
2 3
3 10
4 2
5 7
6 1
7 8
8 4
9 9
10 6
1 5
2 8
3 9
4 6
5 1
6 3
7 10
8 4
9 2
10 7
1 3
2 9
3 8
4 10
5 1
6 6
7 4
8 5
9 2
10 7
1 2
2 10
3 8
4 1
5 6
6 5
7 7
8 3
9 4
10 9
1 5
2 2
3 7
4 3
5 9
6 1
7 10
8 8
9 4
10 6
1 3
2 9
3 2
4 7
5 8
6 1
7 10
8 4
9 5
10 6
1 8
2 3
3 7
4 6
5 1
6 5
7 10
8 9
9 2
10 4
1 2
2 9
3 5
4 1
5 8
6 6
7 10
8 4
9 7
10 3
1 7
2 2
3 6
4 3
5 9
6 8
7 10
8 4
9 5
10 1
1 7
2 4
3 8
4 1
5 10
6 9
7 3
8 5
9 6
10 2
1 10
2 5
3 1
4 4
5 7
6 2
7 9
8 6
9 8
10 3
1 2
2 9
3 4
4 1
5 8
6 3
7 10
8 7
9 6
10 5
1 10
2 5
3 6
4 2
5 9
6 8
7 4
8 1
9 7
10 3
1 8
2 5
3 2
4 4
5 6
6 3
7 9
8 7
9 1
10 10
1 4
2 3
3 5
4 9
5 10
6 6
7 2
8 7
9 1
10 8
1 7
2 6
3 9
4 1
5 10
6 5
7 3
8 4
9 8
10 2
1 4
2 10
3 3
4 6
5 1
6 8
7 2
8 5
9 9
10 7
1 8
2 3
3 2
4 7
5 9
6 4
7 1
8 10
9 6
10 5
1 7
2 2
3 3
4 6
5 5
6 1
7 9
8 4
9 10
10 8
1 1
2 8
3 7
4 3
5 6
6 9
7 5
8 2
9 10
10 4
1 5
2 8
3 10
4 4
5 9
6 3
7 7
8 2
9 1
10 6
1 8
2 5
3 4
4 3
5 1
6 9
7 2
8 7
9 6
10 10
1 27
2 298
3 387
4 231
5 61
6 416
7 382
8 492
9 447
10 412
11 439
12 373
13 40
14 187
15 28
16 328
17 438
18 496
19 356
20 153
21 20
22 147
23 443
24 45
25 260
26 74
27 299
28 287
29 317
30 3
31 458
32 12
33 72
34 151
35 291
36 109
37 167
38 320
39 5
40 477
41 163
42 135
43 448
44 432
45 205
46 307
47 491
48 466
49 389
50 405
51 110
52 499
53 174
54 202
55 181
56 157
57 90
58 35
59 250
60 30
61 201
62 388
63 352
64 267
65 137
66 102
67 251
68 440
69 429
70 495
71 467
72 106
73 179
74 398
75 396
76 424
77 152
78 161
79 56
80 415
81 406
82 449
83 177
84 262
85 223
86 142
87 258
88 198
89 108
90 238
91 159
92 217
93 371
94 441
95 487
96 169
97 446
98 246
99 455
100 51
101 101
102 327
103 131
104 17
105 80
106 463
107 47
108 204
109 232
110 133
111 59
112 326
113 9
114 162
115 348
116 274
117 63
118 395
119 220
120 290
121 168
122 190
123 67
124 127
125 384
126 480
127 65
128 390
129 122
130 145
131 342
132 277
133 112
134 350
135 498
136 92
137 379
138 140
139 11
140 200
141 164
142 357
143 77
144 418
145 325
146 271
147 82
148 199
149 335
150 470
151 86
152 38
153 345
154 353
155 120
156 361
157 309
158 483
159 330
160 248
161 158
162 242
163 321
164 18
165 334
166 123
167 442
168 313
169 33
170 178
171 239
172 397
173 364
174 229
175 95
176 111
177 259
178 116
179 103
180 403
181 444
182 399
183 434
184 189
185 311
186 303
187 465
188 433
189 401
190 253
191 170
192 288
193 50
194 212
195 279
196 344
197 268
198 485
199 207
200 107
201 422
202 148
203 100
204 481
205 407
206 383
207 425
208 400
209 136
210 52
211 339
212 391
213 25
214 209
215 222
216 359
217 184
218 452
219 347
220 180
221 149
222 6
223 261
224 185
225 315
226 98
227 144
228 58
229 297
230 14
231 332
232 358
233 132
234 113
235 256
236 166
237 182
238 53
239 156
240 83
241 97
242 484
243 413
244 60
245 221
246 363
247 154
248 1
249 329
250 269
251 87
252 436
253 500
254 42
255 468
256 241
257 139
258 208
259 89
260 419
261 31
262 70
263 275
264 318
265 39
266 34
267 376
268 252
269 206
270 365
271 227
272 493
273 193
274 99
275 420
276 461
277 283
278 276
279 226
280 119
281 471
282 340
283 346
284 375
285 176
286 22
287 66
288 160
289 454
290 216
291 343
292 304
293 331
294 143
295 445
296 417
297 75
298 472
299 237
300 381
301 319
302 4
303 115
304 404
305 71
306 195
307 402
308 312
309 117
310 128
311 155
312 386
313 392
314 114
315 370
316 210
317 57
318 281
319 270
320 488
321 282
322 81
323 197
324 88
325 482
326 79
327 78
328 244
329 284
330 301
331 236
332 94
333 278
334 408
335 54
336 188
337 219
338 457
339 366
340 84
341 473
342 421
343 105
344 453
345 294
346 134
347 37
348 489
349 215
350 16
351 23
352 316
353 475
354 96
355 285
356 459
357 479
358 336
359 19
360 138
361 462
362 91
363 333
364 314
365 10
366 273
367 374
368 469
369 385
370 264
371 234
372 490
373 354
374 460
375 85
376 265
377 306
378 300
379 272
380 228
381 130
382 194
383 302
384 423
385 254
386 146
387 73
388 437
389 118
390 15
391 341
392 69
393 338
394 257
395 393
396 165
397 243
398 21
399 36
400 129
401 430
402 323
403 172
404 293
405 245
406 171
407 286
408 104
409 46
410 280
411 64
412 305
413 266
414 211
415 68
416 497
417 380
418 255
419 192
420 494
421 173
422 308
423 292
424 464
425 263
426 369
427 394
428 355
429 249
430 428
431 13
432 362
433 337
434 289
435 26
436 451
437 410
438 295
439 431
440 409
441 218
442 456
443 324
444 141
445 191
446 121
447 427
448 310
449 240
450 41
451 7
452 224
453 44
454 29
455 43
456 32
457 55
458 214
459 225
460 411
461 49
462 322
463 76
464 62
465 435
466 378
467 349
468 8
469 351
470 196
471 125
472 230
473 296
474 368
475 235
476 93
477 377
478 414
479 183
480 474
481 2
482 126
483 175
484 150
485 372
486 233
487 48
488 426
489 360
490 186
491 486
492 213
493 478
494 247
495 367
496 476
497 203
498 124
499 450
500 24
